<?xml version="1.0" encoding="UTF-8"?>
<!-- Generated by org.testng.reporters.JUnitReportReporter -->
<testsuite hostname="asus" failures="0" tests="1" name="org.example.testRunner.runners" time="13.213" errors="0" timestamp="2023-02-17T23:38:59 EET" skipped="0">
  <testcase classname="org.example.testRunner.runners" name="runScenario" time="13.213"/>
  <system-out/>
</testsuite> <!-- org.example.testRunner.runners -->
